E, [2015-12-27T20:23:14.415559 #4775] ERROR -- Kitchen: ------Exception-------
E, [2015-12-27T20:23:14.415624 #4775] ERROR -- Kitchen: Class: Kitchen::UserError
E, [2015-12-27T20:23:14.415643 #4775] ERROR -- Kitchen: Message: Kitchen YAML file /Users/nshamrell/tutorials/lamp_digital_ocean/lamp_repo/cookbooks/.kitchen.yml does not exist.
E, [2015-12-27T20:23:14.415678 #4775] ERROR -- Kitchen: ------Backtrace-------
E, [2015-12-27T20:23:14.415691 #4775] ERROR -- Kitchen: /opt/chefdk/embedded/apps/test-kitchen/lib/kitchen/loader/yaml.rb:74:in `read'
E, [2015-12-27T20:23:14.415703 #4775] ERROR -- Kitchen: /opt/chefdk/embedded/apps/test-kitchen/lib/kitchen/config.rb:145:in `data'
E, [2015-12-27T20:23:14.415713 #4775] ERROR -- Kitchen: /opt/chefdk/embedded/apps/test-kitchen/lib/kitchen/config.rb:124:in `suites'
E, [2015-12-27T20:23:14.415724 #4775] ERROR -- Kitchen: /opt/chefdk/embedded/apps/test-kitchen/lib/kitchen/config.rb:175:in `filter_instances'
E, [2015-12-27T20:23:14.415734 #4775] ERROR -- Kitchen: /opt/chefdk/embedded/apps/test-kitchen/lib/kitchen/config.rb:134:in `build_instances'
E, [2015-12-27T20:23:14.415745 #4775] ERROR -- Kitchen: /opt/chefdk/embedded/apps/test-kitchen/lib/kitchen/config.rb:110:in `instances'
E, [2015-12-27T20:23:14.415759 #4775] ERROR -- Kitchen: /opt/chefdk/embedded/apps/test-kitchen/lib/kitchen/command.rb:115:in `filtered_instances'
E, [2015-12-27T20:23:14.415770 #4775] ERROR -- Kitchen: /opt/chefdk/embedded/apps/test-kitchen/lib/kitchen/command.rb:145:in `parse_subcommand'
E, [2015-12-27T20:23:14.415781 #4775] ERROR -- Kitchen: /opt/chefdk/embedded/apps/test-kitchen/lib/kitchen/command/list.rb:32:in `call'
E, [2015-12-27T20:23:14.415791 #4775] ERROR -- Kitchen: /opt/chefdk/embedded/apps/test-kitchen/lib/kitchen/cli.rb:56:in `perform'
E, [2015-12-27T20:23:14.415834 #4775] ERROR -- Kitchen: /opt/chefdk/embedded/apps/test-kitchen/lib/kitchen/cli.rb:108:in `list'
E, [2015-12-27T20:23:14.415846 #4775] ERROR -- Kitchen: /opt/chefdk/embedded/lib/ruby/gems/2.1.0/gems/thor-0.19.1/lib/thor/command.rb:27:in `run'
E, [2015-12-27T20:23:14.415856 #4775] ERROR -- Kitchen: /opt/chefdk/embedded/lib/ruby/gems/2.1.0/gems/thor-0.19.1/lib/thor/invocation.rb:126:in `invoke_command'
E, [2015-12-27T20:23:14.415867 #4775] ERROR -- Kitchen: /opt/chefdk/embedded/apps/test-kitchen/lib/kitchen/cli.rb:308:in `invoke_task'
E, [2015-12-27T20:23:14.415877 #4775] ERROR -- Kitchen: /opt/chefdk/embedded/lib/ruby/gems/2.1.0/gems/thor-0.19.1/lib/thor.rb:359:in `dispatch'
E, [2015-12-27T20:23:14.415890 #4775] ERROR -- Kitchen: /opt/chefdk/embedded/lib/ruby/gems/2.1.0/gems/thor-0.19.1/lib/thor/base.rb:440:in `start'
E, [2015-12-27T20:23:14.415900 #4775] ERROR -- Kitchen: /opt/chefdk/embedded/apps/test-kitchen/bin/kitchen:13:in `block in <top (required)>'
E, [2015-12-27T20:23:14.415911 #4775] ERROR -- Kitchen: /opt/chefdk/embedded/apps/test-kitchen/lib/kitchen/errors.rb:154:in `with_friendly_errors'
E, [2015-12-27T20:23:14.415921 #4775] ERROR -- Kitchen: /opt/chefdk/embedded/apps/test-kitchen/bin/kitchen:13:in `<top (required)>'
E, [2015-12-27T20:23:14.415931 #4775] ERROR -- Kitchen: /opt/chefdk/bin/kitchen:15:in `load'
E, [2015-12-27T20:23:14.415941 #4775] ERROR -- Kitchen: /opt/chefdk/bin/kitchen:15:in `<main>'
E, [2015-12-27T20:23:14.415951 #4775] ERROR -- Kitchen: ----------------------
